Determining if the pthread_create exist failed with the following output:
Change Dir: /home/gailey_da/catkin_ws_mp/build/robotiq_3f_gripper_joint_state_publisher/CMakeFiles/CMakeTmp

Run Build Command:"/usr/bin/make" "cmTC_4bd3d/fast"
/usr/bin/make -f CMakeFiles/cmTC_4bd3d.dir/build.make CMakeFiles/cmTC_4bd3d.dir/build
make[1]: Entering directory '/home/gailey_da/catkin_ws_mp/build/robotiq_3f_gripper_joint_state_publisher/CMakeFiles/CMakeTmp'
Building C object CMakeFiles/cmTC_4bd3d.dir/CheckSymbolExists.c.o
/usr/bin/cc    -o CMakeFiles/cmTC_4bd3d.dir/CheckSymbolExists.c.o   -c /home/gailey_da/catkin_ws_mp/build/robotiq_3f_gripper_joint_state_publisher/CMakeFiles/CMakeTmp/CheckSymbolExists.c
Linking C executable cmTC_4bd3d
/usr/bin/cmake -E cmake_link_script CMakeFiles/cmTC_4bd3d.dir/link.txt --verbose=1
/usr/bin/cc      -rdynamic CMakeFiles/cmTC_4bd3d.dir/CheckSymbolExists.c.o  -o cmTC_4bd3d 
CMakeFiles/cmTC_4bd3d.dir/CheckSymbolExists.c.o: In function `main':
CheckSymbolExists.c:(.text+0x1b): undefined reference to `pthread_create'
collect2: error: ld returned 1 exit status
CMakeFiles/cmTC_4bd3d.dir/build.make:97: recipe for target 'cmTC_4bd3d' failed
make[1]: *** [cmTC_4bd3d] Error 1
make[1]: Leaving directory '/home/gailey_da/catkin_ws_mp/build/robotiq_3f_gripper_joint_state_publisher/CMakeFiles/CMakeTmp'
Makefile:126: recipe for target 'cmTC_4bd3d/fast' failed
make: *** [cmTC_4bd3d/fast] Error 2

File /home/gailey_da/catkin_ws_mp/build/robotiq_3f_gripper_joint_state_publisher/CMakeFiles/CMakeTmp/CheckSymbolExists.c:
/* */
#include <pthread.h>

int main(int argc, char** argv)
{
  (void)argv;
#ifndef pthread_create
  return ((int*)(&pthread_create))[argc];
#else
  (void)argc;
  return 0;
#endif
}

Determining if the function pthread_create exists in the pthreads failed with the following output:
Change Dir: /home/gailey_da/catkin_ws_mp/build/robotiq_3f_gripper_joint_state_publisher/CMakeFiles/CMakeTmp

Run Build Command:"/usr/bin/make" "cmTC_85a89/fast"
/usr/bin/make -f CMakeFiles/cmTC_85a89.dir/build.make CMakeFiles/cmTC_85a89.dir/build
make[1]: Entering directory '/home/gailey_da/catkin_ws_mp/build/robotiq_3f_gripper_joint_state_publisher/CMakeFiles/CMakeTmp'
Building C object CMakeFiles/cmTC_85a89.dir/CheckFunctionExists.c.o
/usr/bin/cc   -DCHECK_FUNCTION_EXISTS=pthread_create   -o CMakeFiles/cmTC_85a89.dir/CheckFunctionExists.c.o   -c /usr/share/cmake-3.10/Modules/CheckFunctionExists.c
Linking C executable cmTC_85a89
/usr/bin/cmake -E cmake_link_script CMakeFiles/cmTC_85a89.dir/link.txt --verbose=1
/usr/bin/cc  -DCHECK_FUNCTION_EXISTS=pthread_create    -rdynamic CMakeFiles/cmTC_85a89.dir/CheckFunctionExists.c.o  -o cmTC_85a89 -lpthreads 
/usr/bin/ld: cannot find -lpthreads
collect2: error: ld returned 1 exit status
CMakeFiles/cmTC_85a89.dir/build.make:97: recipe for target 'cmTC_85a89' failed
make[1]: *** [cmTC_85a89] Error 1
make[1]: Leaving directory '/home/gailey_da/catkin_ws_mp/build/robotiq_3f_gripper_joint_state_publisher/CMakeFiles/CMakeTmp'
Makefile:126: recipe for target 'cmTC_85a89/fast' failed
make: *** [cmTC_85a89/fast] Error 2


