Determining if the pthread_create exist failed with the following output:
Change Dir: /home/gailey_da/catkin_ws_mp/build/ur_driver/CMakeFiles/CMakeTmp

Run Build Command:"/usr/bin/make" "cmTC_03afc/fast"
/usr/bin/make -f CMakeFiles/cmTC_03afc.dir/build.make CMakeFiles/cmTC_03afc.dir/build
make[1]: Entering directory '/home/gailey_da/catkin_ws_mp/build/ur_driver/CMakeFiles/CMakeTmp'
Building C object CMakeFiles/cmTC_03afc.dir/CheckSymbolExists.c.o
/usr/bin/cc    -o CMakeFiles/cmTC_03afc.dir/CheckSymbolExists.c.o   -c /home/gailey_da/catkin_ws_mp/build/ur_driver/CMakeFiles/CMakeTmp/CheckSymbolExists.c
Linking C executable cmTC_03afc
/usr/bin/cmake -E cmake_link_script CMakeFiles/cmTC_03afc.dir/link.txt --verbose=1
/usr/bin/cc      -rdynamic CMakeFiles/cmTC_03afc.dir/CheckSymbolExists.c.o  -o cmTC_03afc 
CMakeFiles/cmTC_03afc.dir/CheckSymbolExists.c.o: In function `main':
CheckSymbolExists.c:(.text+0x1b): undefined reference to `pthread_create'
collect2: error: ld returned 1 exit status
CMakeFiles/cmTC_03afc.dir/build.make:97: recipe for target 'cmTC_03afc' failed
make[1]: *** [cmTC_03afc] Error 1
make[1]: Leaving directory '/home/gailey_da/catkin_ws_mp/build/ur_driver/CMakeFiles/CMakeTmp'
Makefile:126: recipe for target 'cmTC_03afc/fast' failed
make: *** [cmTC_03afc/fast] Error 2

File /home/gailey_da/catkin_ws_mp/build/ur_driver/CMakeFiles/CMakeTmp/CheckSymbolExists.c:
/* */
#include <pthread.h>

int main(int argc, char** argv)
{
  (void)argv;
#ifndef pthread_create
  return ((int*)(&pthread_create))[argc];
#else
  (void)argc;
  return 0;
#endif
}

Determining if the function pthread_create exists in the pthreads failed with the following output:
Change Dir: /home/gailey_da/catkin_ws_mp/build/ur_driver/CMakeFiles/CMakeTmp

Run Build Command:"/usr/bin/make" "cmTC_656ab/fast"
/usr/bin/make -f CMakeFiles/cmTC_656ab.dir/build.make CMakeFiles/cmTC_656ab.dir/build
make[1]: Entering directory '/home/gailey_da/catkin_ws_mp/build/ur_driver/CMakeFiles/CMakeTmp'
Building C object CMakeFiles/cmTC_656ab.dir/CheckFunctionExists.c.o
/usr/bin/cc   -DCHECK_FUNCTION_EXISTS=pthread_create   -o CMakeFiles/cmTC_656ab.dir/CheckFunctionExists.c.o   -c /usr/share/cmake-3.10/Modules/CheckFunctionExists.c
Linking C executable cmTC_656ab
/usr/bin/cmake -E cmake_link_script CMakeFiles/cmTC_656ab.dir/link.txt --verbose=1
/usr/bin/cc  -DCHECK_FUNCTION_EXISTS=pthread_create    -rdynamic CMakeFiles/cmTC_656ab.dir/CheckFunctionExists.c.o  -o cmTC_656ab -lpthreads 
/usr/bin/ld: cannot find -lpthreads
collect2: error: ld returned 1 exit status
CMakeFiles/cmTC_656ab.dir/build.make:97: recipe for target 'cmTC_656ab' failed
make[1]: *** [cmTC_656ab] Error 1
make[1]: Leaving directory '/home/gailey_da/catkin_ws_mp/build/ur_driver/CMakeFiles/CMakeTmp'
Makefile:126: recipe for target 'cmTC_656ab/fast' failed
make: *** [cmTC_656ab/fast] Error 2


