Determining if the pthread_create exist failed with the following output:
Change Dir: /home/gailey_da/catkin_ws_mp/build/ur5_e_moveit_config/CMakeFiles/CMakeTmp

Run Build Command:"/usr/bin/make" "cmTC_19793/fast"
/usr/bin/make -f CMakeFiles/cmTC_19793.dir/build.make CMakeFiles/cmTC_19793.dir/build
make[1]: Entering directory '/home/gailey_da/catkin_ws_mp/build/ur5_e_moveit_config/CMakeFiles/CMakeTmp'
Building C object CMakeFiles/cmTC_19793.dir/CheckSymbolExists.c.o
/usr/bin/cc    -o CMakeFiles/cmTC_19793.dir/CheckSymbolExists.c.o   -c /home/gailey_da/catkin_ws_mp/build/ur5_e_moveit_config/CMakeFiles/CMakeTmp/CheckSymbolExists.c
Linking C executable cmTC_19793
/usr/bin/cmake -E cmake_link_script CMakeFiles/cmTC_19793.dir/link.txt --verbose=1
/usr/bin/cc      -rdynamic CMakeFiles/cmTC_19793.dir/CheckSymbolExists.c.o  -o cmTC_19793 
CMakeFiles/cmTC_19793.dir/CheckSymbolExists.c.o: In function `main':
CheckSymbolExists.c:(.text+0x1b): undefined reference to `pthread_create'
collect2: error: ld returned 1 exit status
CMakeFiles/cmTC_19793.dir/build.make:97: recipe for target 'cmTC_19793' failed
make[1]: *** [cmTC_19793] Error 1
make[1]: Leaving directory '/home/gailey_da/catkin_ws_mp/build/ur5_e_moveit_config/CMakeFiles/CMakeTmp'
Makefile:126: recipe for target 'cmTC_19793/fast' failed
make: *** [cmTC_19793/fast] Error 2

File /home/gailey_da/catkin_ws_mp/build/ur5_e_moveit_config/CMakeFiles/CMakeTmp/CheckSymbolExists.c:
/* */
#include <pthread.h>

int main(int argc, char** argv)
{
  (void)argv;
#ifndef pthread_create
  return ((int*)(&pthread_create))[argc];
#else
  (void)argc;
  return 0;
#endif
}

Determining if the function pthread_create exists in the pthreads failed with the following output:
Change Dir: /home/gailey_da/catkin_ws_mp/build/ur5_e_moveit_config/CMakeFiles/CMakeTmp

Run Build Command:"/usr/bin/make" "cmTC_ba270/fast"
/usr/bin/make -f CMakeFiles/cmTC_ba270.dir/build.make CMakeFiles/cmTC_ba270.dir/build
make[1]: Entering directory '/home/gailey_da/catkin_ws_mp/build/ur5_e_moveit_config/CMakeFiles/CMakeTmp'
Building C object CMakeFiles/cmTC_ba270.dir/CheckFunctionExists.c.o
/usr/bin/cc   -DCHECK_FUNCTION_EXISTS=pthread_create   -o CMakeFiles/cmTC_ba270.dir/CheckFunctionExists.c.o   -c /usr/share/cmake-3.10/Modules/CheckFunctionExists.c
Linking C executable cmTC_ba270
/usr/bin/cmake -E cmake_link_script CMakeFiles/cmTC_ba270.dir/link.txt --verbose=1
/usr/bin/cc  -DCHECK_FUNCTION_EXISTS=pthread_create    -rdynamic CMakeFiles/cmTC_ba270.dir/CheckFunctionExists.c.o  -o cmTC_ba270 -lpthreads 
/usr/bin/ld: cannot find -lpthreads
collect2: error: ld returned 1 exit status
CMakeFiles/cmTC_ba270.dir/build.make:97: recipe for target 'cmTC_ba270' failed
make[1]: *** [cmTC_ba270] Error 1
make[1]: Leaving directory '/home/gailey_da/catkin_ws_mp/build/ur5_e_moveit_config/CMakeFiles/CMakeTmp'
Makefile:126: recipe for target 'cmTC_ba270/fast' failed
make: *** [cmTC_ba270/fast] Error 2


