Determining if the pthread_create exist failed with the following output:
Change Dir: /home/gailey_da/catkin_ws_mp/build/robotiq_modbus_tcp/CMakeFiles/CMakeTmp

Run Build Command:"/usr/bin/make" "cmTC_5321f/fast"
/usr/bin/make -f CMakeFiles/cmTC_5321f.dir/build.make CMakeFiles/cmTC_5321f.dir/build
make[1]: Entering directory '/home/gailey_da/catkin_ws_mp/build/robotiq_modbus_tcp/CMakeFiles/CMakeTmp'
Building C object CMakeFiles/cmTC_5321f.dir/CheckSymbolExists.c.o
/usr/bin/cc    -o CMakeFiles/cmTC_5321f.dir/CheckSymbolExists.c.o   -c /home/gailey_da/catkin_ws_mp/build/robotiq_modbus_tcp/CMakeFiles/CMakeTmp/CheckSymbolExists.c
Linking C executable cmTC_5321f
/usr/bin/cmake -E cmake_link_script CMakeFiles/cmTC_5321f.dir/link.txt --verbose=1
/usr/bin/cc      -rdynamic CMakeFiles/cmTC_5321f.dir/CheckSymbolExists.c.o  -o cmTC_5321f 
CMakeFiles/cmTC_5321f.dir/CheckSymbolExists.c.o: In function `main':
CheckSymbolExists.c:(.text+0x1b): undefined reference to `pthread_create'
collect2: error: ld returned 1 exit status
CMakeFiles/cmTC_5321f.dir/build.make:97: recipe for target 'cmTC_5321f' failed
make[1]: *** [cmTC_5321f] Error 1
make[1]: Leaving directory '/home/gailey_da/catkin_ws_mp/build/robotiq_modbus_tcp/CMakeFiles/CMakeTmp'
Makefile:126: recipe for target 'cmTC_5321f/fast' failed
make: *** [cmTC_5321f/fast] Error 2

File /home/gailey_da/catkin_ws_mp/build/robotiq_modbus_tcp/CMakeFiles/CMakeTmp/CheckSymbolExists.c:
/* */
#include <pthread.h>

int main(int argc, char** argv)
{
  (void)argv;
#ifndef pthread_create
  return ((int*)(&pthread_create))[argc];
#else
  (void)argc;
  return 0;
#endif
}

Determining if the function pthread_create exists in the pthreads failed with the following output:
Change Dir: /home/gailey_da/catkin_ws_mp/build/robotiq_modbus_tcp/CMakeFiles/CMakeTmp

Run Build Command:"/usr/bin/make" "cmTC_0de20/fast"
/usr/bin/make -f CMakeFiles/cmTC_0de20.dir/build.make CMakeFiles/cmTC_0de20.dir/build
make[1]: Entering directory '/home/gailey_da/catkin_ws_mp/build/robotiq_modbus_tcp/CMakeFiles/CMakeTmp'
Building C object CMakeFiles/cmTC_0de20.dir/CheckFunctionExists.c.o
/usr/bin/cc   -DCHECK_FUNCTION_EXISTS=pthread_create   -o CMakeFiles/cmTC_0de20.dir/CheckFunctionExists.c.o   -c /usr/share/cmake-3.10/Modules/CheckFunctionExists.c
Linking C executable cmTC_0de20
/usr/bin/cmake -E cmake_link_script CMakeFiles/cmTC_0de20.dir/link.txt --verbose=1
/usr/bin/cc  -DCHECK_FUNCTION_EXISTS=pthread_create    -rdynamic CMakeFiles/cmTC_0de20.dir/CheckFunctionExists.c.o  -o cmTC_0de20 -lpthreads 
/usr/bin/ld: cannot find -lpthreads
collect2: error: ld returned 1 exit status
CMakeFiles/cmTC_0de20.dir/build.make:97: recipe for target 'cmTC_0de20' failed
make[1]: *** [cmTC_0de20] Error 1
make[1]: Leaving directory '/home/gailey_da/catkin_ws_mp/build/robotiq_modbus_tcp/CMakeFiles/CMakeTmp'
Makefile:126: recipe for target 'cmTC_0de20/fast' failed
make: *** [cmTC_0de20/fast] Error 2


