Determining if the pthread_create exist failed with the following output:
Change Dir: /home/gailey_da/catkin_ws_mp/build/robotiq_2f_gripper_action_server/CMakeFiles/CMakeTmp

Run Build Command:"/usr/bin/make" "cmTC_491e6/fast"
/usr/bin/make -f CMakeFiles/cmTC_491e6.dir/build.make CMakeFiles/cmTC_491e6.dir/build
make[1]: Entering directory '/home/gailey_da/catkin_ws_mp/build/robotiq_2f_gripper_action_server/CMakeFiles/CMakeTmp'
Building C object CMakeFiles/cmTC_491e6.dir/CheckSymbolExists.c.o
/usr/bin/cc    -o CMakeFiles/cmTC_491e6.dir/CheckSymbolExists.c.o   -c /home/gailey_da/catkin_ws_mp/build/robotiq_2f_gripper_action_server/CMakeFiles/CMakeTmp/CheckSymbolExists.c
Linking C executable cmTC_491e6
/usr/bin/cmake -E cmake_link_script CMakeFiles/cmTC_491e6.dir/link.txt --verbose=1
/usr/bin/cc      -rdynamic CMakeFiles/cmTC_491e6.dir/CheckSymbolExists.c.o  -o cmTC_491e6 
CMakeFiles/cmTC_491e6.dir/CheckSymbolExists.c.o: In function `main':
CheckSymbolExists.c:(.text+0x1b): undefined reference to `pthread_create'
collect2: error: ld returned 1 exit status
CMakeFiles/cmTC_491e6.dir/build.make:97: recipe for target 'cmTC_491e6' failed
make[1]: *** [cmTC_491e6] Error 1
make[1]: Leaving directory '/home/gailey_da/catkin_ws_mp/build/robotiq_2f_gripper_action_server/CMakeFiles/CMakeTmp'
Makefile:126: recipe for target 'cmTC_491e6/fast' failed
make: *** [cmTC_491e6/fast] Error 2

File /home/gailey_da/catkin_ws_mp/build/robotiq_2f_gripper_action_server/CMakeFiles/CMakeTmp/CheckSymbolExists.c:
/* */
#include <pthread.h>

int main(int argc, char** argv)
{
  (void)argv;
#ifndef pthread_create
  return ((int*)(&pthread_create))[argc];
#else
  (void)argc;
  return 0;
#endif
}

Determining if the function pthread_create exists in the pthreads failed with the following output:
Change Dir: /home/gailey_da/catkin_ws_mp/build/robotiq_2f_gripper_action_server/CMakeFiles/CMakeTmp

Run Build Command:"/usr/bin/make" "cmTC_9fec9/fast"
/usr/bin/make -f CMakeFiles/cmTC_9fec9.dir/build.make CMakeFiles/cmTC_9fec9.dir/build
make[1]: Entering directory '/home/gailey_da/catkin_ws_mp/build/robotiq_2f_gripper_action_server/CMakeFiles/CMakeTmp'
Building C object CMakeFiles/cmTC_9fec9.dir/CheckFunctionExists.c.o
/usr/bin/cc   -DCHECK_FUNCTION_EXISTS=pthread_create   -o CMakeFiles/cmTC_9fec9.dir/CheckFunctionExists.c.o   -c /usr/share/cmake-3.10/Modules/CheckFunctionExists.c
Linking C executable cmTC_9fec9
/usr/bin/cmake -E cmake_link_script CMakeFiles/cmTC_9fec9.dir/link.txt --verbose=1
/usr/bin/cc  -DCHECK_FUNCTION_EXISTS=pthread_create    -rdynamic CMakeFiles/cmTC_9fec9.dir/CheckFunctionExists.c.o  -o cmTC_9fec9 -lpthreads 
/usr/bin/ld: cannot find -lpthreads
collect2: error: ld returned 1 exit status
CMakeFiles/cmTC_9fec9.dir/build.make:97: recipe for target 'cmTC_9fec9' failed
make[1]: *** [cmTC_9fec9] Error 1
make[1]: Leaving directory '/home/gailey_da/catkin_ws_mp/build/robotiq_2f_gripper_action_server/CMakeFiles/CMakeTmp'
Makefile:126: recipe for target 'cmTC_9fec9/fast' failed
make: *** [cmTC_9fec9/fast] Error 2


