Determining if the pthread_create exist failed with the following output:
Change Dir: /home/gailey_da/catkin_ws_mp/build/robotiq_ethercat/CMakeFiles/CMakeTmp

Run Build Command:"/usr/bin/make" "cmTC_4003d/fast"
/usr/bin/make -f CMakeFiles/cmTC_4003d.dir/build.make CMakeFiles/cmTC_4003d.dir/build
make[1]: Entering directory '/home/gailey_da/catkin_ws_mp/build/robotiq_ethercat/CMakeFiles/CMakeTmp'
Building C object CMakeFiles/cmTC_4003d.dir/CheckSymbolExists.c.o
/usr/bin/cc    -o CMakeFiles/cmTC_4003d.dir/CheckSymbolExists.c.o   -c /home/gailey_da/catkin_ws_mp/build/robotiq_ethercat/CMakeFiles/CMakeTmp/CheckSymbolExists.c
Linking C executable cmTC_4003d
/usr/bin/cmake -E cmake_link_script CMakeFiles/cmTC_4003d.dir/link.txt --verbose=1
/usr/bin/cc      -rdynamic CMakeFiles/cmTC_4003d.dir/CheckSymbolExists.c.o  -o cmTC_4003d 
CMakeFiles/cmTC_4003d.dir/CheckSymbolExists.c.o: In function `main':
CheckSymbolExists.c:(.text+0x1b): undefined reference to `pthread_create'
collect2: error: ld returned 1 exit status
CMakeFiles/cmTC_4003d.dir/build.make:97: recipe for target 'cmTC_4003d' failed
make[1]: *** [cmTC_4003d] Error 1
make[1]: Leaving directory '/home/gailey_da/catkin_ws_mp/build/robotiq_ethercat/CMakeFiles/CMakeTmp'
Makefile:126: recipe for target 'cmTC_4003d/fast' failed
make: *** [cmTC_4003d/fast] Error 2

File /home/gailey_da/catkin_ws_mp/build/robotiq_ethercat/CMakeFiles/CMakeTmp/CheckSymbolExists.c:
/* */
#include <pthread.h>

int main(int argc, char** argv)
{
  (void)argv;
#ifndef pthread_create
  return ((int*)(&pthread_create))[argc];
#else
  (void)argc;
  return 0;
#endif
}

Determining if the function pthread_create exists in the pthreads failed with the following output:
Change Dir: /home/gailey_da/catkin_ws_mp/build/robotiq_ethercat/CMakeFiles/CMakeTmp

Run Build Command:"/usr/bin/make" "cmTC_8d6ee/fast"
/usr/bin/make -f CMakeFiles/cmTC_8d6ee.dir/build.make CMakeFiles/cmTC_8d6ee.dir/build
make[1]: Entering directory '/home/gailey_da/catkin_ws_mp/build/robotiq_ethercat/CMakeFiles/CMakeTmp'
Building C object CMakeFiles/cmTC_8d6ee.dir/CheckFunctionExists.c.o
/usr/bin/cc   -DCHECK_FUNCTION_EXISTS=pthread_create   -o CMakeFiles/cmTC_8d6ee.dir/CheckFunctionExists.c.o   -c /usr/share/cmake-3.10/Modules/CheckFunctionExists.c
Linking C executable cmTC_8d6ee
/usr/bin/cmake -E cmake_link_script CMakeFiles/cmTC_8d6ee.dir/link.txt --verbose=1
/usr/bin/cc  -DCHECK_FUNCTION_EXISTS=pthread_create    -rdynamic CMakeFiles/cmTC_8d6ee.dir/CheckFunctionExists.c.o  -o cmTC_8d6ee -lpthreads 
/usr/bin/ld: cannot find -lpthreads
collect2: error: ld returned 1 exit status
CMakeFiles/cmTC_8d6ee.dir/build.make:97: recipe for target 'cmTC_8d6ee' failed
make[1]: *** [cmTC_8d6ee] Error 1
make[1]: Leaving directory '/home/gailey_da/catkin_ws_mp/build/robotiq_ethercat/CMakeFiles/CMakeTmp'
Makefile:126: recipe for target 'cmTC_8d6ee/fast' failed
make: *** [cmTC_8d6ee/fast] Error 2


