Linked: (/home/gailey_da/catkin_ws_mp/devel/.private/robotiq_3f_gripper_articulated_msgs/lib/python2.7/dist-packages/robotiq_3f_gripper_articulated_msgs/__init__.py, /home/gailey_da/catkin_ws_mp/devel/lib/python2.7/dist-packages/robotiq_3f_gripper_articulated_msgs/__init__.py)
Linked: (/home/gailey_da/catkin_ws_mp/devel/.private/robotiq_3f_gripper_articulated_msgs/lib/python2.7/dist-packages/robotiq_3f_gripper_articulated_msgs/msg/_Robotiq3FGripperRobotInput.py, /home/gailey_da/catkin_ws_mp/devel/lib/python2.7/dist-packages/robotiq_3f_gripper_articulated_msgs/msg/_Robotiq3FGripperRobotInput.py)
Linked: (/home/gailey_da/catkin_ws_mp/devel/.private/robotiq_3f_gripper_articulated_msgs/lib/python2.7/dist-packages/robotiq_3f_gripper_articulated_msgs/msg/_Robotiq3FGripperRobotOutput.py, /home/gailey_da/catkin_ws_mp/devel/lib/python2.7/dist-packages/robotiq_3f_gripper_articulated_msgs/msg/_Robotiq3FGripperRobotOutput.py)
Linked: (/home/gailey_da/catkin_ws_mp/devel/.private/robotiq_3f_gripper_articulated_msgs/lib/python2.7/dist-packages/robotiq_3f_gripper_articulated_msgs/msg/__init__.py, /home/gailey_da/catkin_ws_mp/devel/lib/python2.7/dist-packages/robotiq_3f_gripper_articulated_msgs/msg/__init__.py)
Linked: (/home/gailey_da/catkin_ws_mp/devel/.private/robotiq_3f_gripper_articulated_msgs/lib/pkgconfig/robotiq_3f_gripper_articulated_msgs.pc, /home/gailey_da/catkin_ws_mp/devel/lib/pkgconfig/robotiq_3f_gripper_articulated_msgs.pc)
Linked: (/home/gailey_da/catkin_ws_mp/devel/.private/robotiq_3f_gripper_articulated_msgs/share/gennodejs/ros/robotiq_3f_gripper_articulated_msgs/_index.js, /home/gailey_da/catkin_ws_mp/devel/share/gennodejs/ros/robotiq_3f_gripper_articulated_msgs/_index.js)
Linked: (/home/gailey_da/catkin_ws_mp/devel/.private/robotiq_3f_gripper_articulated_msgs/share/gennodejs/ros/robotiq_3f_gripper_articulated_msgs/msg/_index.js, /home/gailey_da/catkin_ws_mp/devel/share/gennodejs/ros/robotiq_3f_gripper_articulated_msgs/msg/_index.js)
Linked: (/home/gailey_da/catkin_ws_mp/devel/.private/robotiq_3f_gripper_articulated_msgs/share/gennodejs/ros/robotiq_3f_gripper_articulated_msgs/msg/Robotiq3FGripperRobotInput.js, /home/gailey_da/catkin_ws_mp/devel/share/gennodejs/ros/robotiq_3f_gripper_articulated_msgs/msg/Robotiq3FGripperRobotInput.js)
Linked: (/home/gailey_da/catkin_ws_mp/devel/.private/robotiq_3f_gripper_articulated_msgs/share/gennodejs/ros/robotiq_3f_gripper_articulated_msgs/msg/Robotiq3FGripperRobotOutput.js, /home/gailey_da/catkin_ws_mp/devel/share/gennodejs/ros/robotiq_3f_gripper_articulated_msgs/msg/Robotiq3FGripperRobotOutput.js)
Linked: (/home/gailey_da/catkin_ws_mp/devel/.private/robotiq_3f_gripper_articulated_msgs/share/robotiq_3f_gripper_articulated_msgs/cmake/robotiq_3f_gripper_articulated_msgs-msg-paths.cmake, /home/gailey_da/catkin_ws_mp/devel/share/robotiq_3f_gripper_articulated_msgs/cmake/robotiq_3f_gripper_articulated_msgs-msg-paths.cmake)
Linked: (/home/gailey_da/catkin_ws_mp/devel/.private/robotiq_3f_gripper_articulated_msgs/share/robotiq_3f_gripper_articulated_msgs/cmake/robotiq_3f_gripper_articulated_msgsConfig-version.cmake, /home/gailey_da/catkin_ws_mp/devel/share/robotiq_3f_gripper_articulated_msgs/cmake/robotiq_3f_gripper_articulated_msgsConfig-version.cmake)
Linked: (/home/gailey_da/catkin_ws_mp/devel/.private/robotiq_3f_gripper_articulated_msgs/share/robotiq_3f_gripper_articulated_msgs/cmake/robotiq_3f_gripper_articulated_msgs-msg-extras.cmake, /home/gailey_da/catkin_ws_mp/devel/share/robotiq_3f_gripper_articulated_msgs/cmake/robotiq_3f_gripper_articulated_msgs-msg-extras.cmake)
Linked: (/home/gailey_da/catkin_ws_mp/devel/.private/robotiq_3f_gripper_articulated_msgs/share/robotiq_3f_gripper_articulated_msgs/cmake/robotiq_3f_gripper_articulated_msgsConfig.cmake, /home/gailey_da/catkin_ws_mp/devel/share/robotiq_3f_gripper_articulated_msgs/cmake/robotiq_3f_gripper_articulated_msgsConfig.cmake)
Linked: (/home/gailey_da/catkin_ws_mp/devel/.private/robotiq_3f_gripper_articulated_msgs/share/common-lisp/ros/robotiq_3f_gripper_articulated_msgs/msg/Robotiq3FGripperRobotOutput.lisp, /home/gailey_da/catkin_ws_mp/devel/share/common-lisp/ros/robotiq_3f_gripper_articulated_msgs/msg/Robotiq3FGripperRobotOutput.lisp)
Linked: (/home/gailey_da/catkin_ws_mp/devel/.private/robotiq_3f_gripper_articulated_msgs/share/common-lisp/ros/robotiq_3f_gripper_articulated_msgs/msg/Robotiq3FGripperRobotInput.lisp, /home/gailey_da/catkin_ws_mp/devel/share/common-lisp/ros/robotiq_3f_gripper_articulated_msgs/msg/Robotiq3FGripperRobotInput.lisp)
Linked: (/home/gailey_da/catkin_ws_mp/devel/.private/robotiq_3f_gripper_articulated_msgs/share/common-lisp/ros/robotiq_3f_gripper_articulated_msgs/msg/_package_Robotiq3FGripperRobotInput.lisp, /home/gailey_da/catkin_ws_mp/devel/share/common-lisp/ros/robotiq_3f_gripper_articulated_msgs/msg/_package_Robotiq3FGripperRobotInput.lisp)
Linked: (/home/gailey_da/catkin_ws_mp/devel/.private/robotiq_3f_gripper_articulated_msgs/share/common-lisp/ros/robotiq_3f_gripper_articulated_msgs/msg/robotiq_3f_gripper_articulated_msgs-msg.asd, /home/gailey_da/catkin_ws_mp/devel/share/common-lisp/ros/robotiq_3f_gripper_articulated_msgs/msg/robotiq_3f_gripper_articulated_msgs-msg.asd)
Linked: (/home/gailey_da/catkin_ws_mp/devel/.private/robotiq_3f_gripper_articulated_msgs/share/common-lisp/ros/robotiq_3f_gripper_articulated_msgs/msg/_package.lisp, /home/gailey_da/catkin_ws_mp/devel/share/common-lisp/ros/robotiq_3f_gripper_articulated_msgs/msg/_package.lisp)
Linked: (/home/gailey_da/catkin_ws_mp/devel/.private/robotiq_3f_gripper_articulated_msgs/share/common-lisp/ros/robotiq_3f_gripper_articulated_msgs/msg/_package_Robotiq3FGripperRobotOutput.lisp, /home/gailey_da/catkin_ws_mp/devel/share/common-lisp/ros/robotiq_3f_gripper_articulated_msgs/msg/_package_Robotiq3FGripperRobotOutput.lisp)
Linked: (/home/gailey_da/catkin_ws_mp/devel/.private/robotiq_3f_gripper_articulated_msgs/share/roseus/ros/robotiq_3f_gripper_articulated_msgs/manifest.l, /home/gailey_da/catkin_ws_mp/devel/share/roseus/ros/robotiq_3f_gripper_articulated_msgs/manifest.l)
Linked: (/home/gailey_da/catkin_ws_mp/devel/.private/robotiq_3f_gripper_articulated_msgs/share/roseus/ros/robotiq_3f_gripper_articulated_msgs/msg/Robotiq3FGripperRobotOutput.l, /home/gailey_da/catkin_ws_mp/devel/share/roseus/ros/robotiq_3f_gripper_articulated_msgs/msg/Robotiq3FGripperRobotOutput.l)
Linked: (/home/gailey_da/catkin_ws_mp/devel/.private/robotiq_3f_gripper_articulated_msgs/share/roseus/ros/robotiq_3f_gripper_articulated_msgs/msg/Robotiq3FGripperRobotInput.l, /home/gailey_da/catkin_ws_mp/devel/share/roseus/ros/robotiq_3f_gripper_articulated_msgs/msg/Robotiq3FGripperRobotInput.l)
Linked: (/home/gailey_da/catkin_ws_mp/devel/.private/robotiq_3f_gripper_articulated_msgs/include/robotiq_3f_gripper_articulated_msgs/Robotiq3FGripperRobotOutput.h, /home/gailey_da/catkin_ws_mp/devel/include/robotiq_3f_gripper_articulated_msgs/Robotiq3FGripperRobotOutput.h)
Linked: (/home/gailey_da/catkin_ws_mp/devel/.private/robotiq_3f_gripper_articulated_msgs/include/robotiq_3f_gripper_articulated_msgs/Robotiq3FGripperRobotInput.h, /home/gailey_da/catkin_ws_mp/devel/include/robotiq_3f_gripper_articulated_msgs/Robotiq3FGripperRobotInput.h)
