Determining if the pthread_create exist failed with the following output:
Change Dir: /home/gailey_da/catkin_ws_mp/build/ur10_moveit_config/CMakeFiles/CMakeTmp

Run Build Command:"/usr/bin/make" "cmTC_cff0e/fast"
/usr/bin/make -f CMakeFiles/cmTC_cff0e.dir/build.make CMakeFiles/cmTC_cff0e.dir/build
make[1]: Entering directory '/home/gailey_da/catkin_ws_mp/build/ur10_moveit_config/CMakeFiles/CMakeTmp'
Building C object CMakeFiles/cmTC_cff0e.dir/CheckSymbolExists.c.o
/usr/bin/cc    -o CMakeFiles/cmTC_cff0e.dir/CheckSymbolExists.c.o   -c /home/gailey_da/catkin_ws_mp/build/ur10_moveit_config/CMakeFiles/CMakeTmp/CheckSymbolExists.c
Linking C executable cmTC_cff0e
/usr/bin/cmake -E cmake_link_script CMakeFiles/cmTC_cff0e.dir/link.txt --verbose=1
/usr/bin/cc      -rdynamic CMakeFiles/cmTC_cff0e.dir/CheckSymbolExists.c.o  -o cmTC_cff0e 
CMakeFiles/cmTC_cff0e.dir/CheckSymbolExists.c.o: In function `main':
CheckSymbolExists.c:(.text+0x1b): undefined reference to `pthread_create'
collect2: error: ld returned 1 exit status
CMakeFiles/cmTC_cff0e.dir/build.make:97: recipe for target 'cmTC_cff0e' failed
make[1]: *** [cmTC_cff0e] Error 1
make[1]: Leaving directory '/home/gailey_da/catkin_ws_mp/build/ur10_moveit_config/CMakeFiles/CMakeTmp'
Makefile:126: recipe for target 'cmTC_cff0e/fast' failed
make: *** [cmTC_cff0e/fast] Error 2

File /home/gailey_da/catkin_ws_mp/build/ur10_moveit_config/CMakeFiles/CMakeTmp/CheckSymbolExists.c:
/* */
#include <pthread.h>

int main(int argc, char** argv)
{
  (void)argv;
#ifndef pthread_create
  return ((int*)(&pthread_create))[argc];
#else
  (void)argc;
  return 0;
#endif
}

Determining if the function pthread_create exists in the pthreads failed with the following output:
Change Dir: /home/gailey_da/catkin_ws_mp/build/ur10_moveit_config/CMakeFiles/CMakeTmp

Run Build Command:"/usr/bin/make" "cmTC_f521b/fast"
/usr/bin/make -f CMakeFiles/cmTC_f521b.dir/build.make CMakeFiles/cmTC_f521b.dir/build
make[1]: Entering directory '/home/gailey_da/catkin_ws_mp/build/ur10_moveit_config/CMakeFiles/CMakeTmp'
Building C object CMakeFiles/cmTC_f521b.dir/CheckFunctionExists.c.o
/usr/bin/cc   -DCHECK_FUNCTION_EXISTS=pthread_create   -o CMakeFiles/cmTC_f521b.dir/CheckFunctionExists.c.o   -c /usr/share/cmake-3.10/Modules/CheckFunctionExists.c
Linking C executable cmTC_f521b
/usr/bin/cmake -E cmake_link_script CMakeFiles/cmTC_f521b.dir/link.txt --verbose=1
/usr/bin/cc  -DCHECK_FUNCTION_EXISTS=pthread_create    -rdynamic CMakeFiles/cmTC_f521b.dir/CheckFunctionExists.c.o  -o cmTC_f521b -lpthreads 
/usr/bin/ld: cannot find -lpthreads
collect2: error: ld returned 1 exit status
CMakeFiles/cmTC_f521b.dir/build.make:97: recipe for target 'cmTC_f521b' failed
make[1]: *** [cmTC_f521b] Error 1
make[1]: Leaving directory '/home/gailey_da/catkin_ws_mp/build/ur10_moveit_config/CMakeFiles/CMakeTmp'
Makefile:126: recipe for target 'cmTC_f521b/fast' failed
make: *** [cmTC_f521b/fast] Error 2


