Determining if the pthread_create exist failed with the following output:
Change Dir: /home/gailey_da/catkin_ws_mp/build/ur_gazebo/CMakeFiles/CMakeTmp

Run Build Command:"/usr/bin/make" "cmTC_ba4ae/fast"
/usr/bin/make -f CMakeFiles/cmTC_ba4ae.dir/build.make CMakeFiles/cmTC_ba4ae.dir/build
make[1]: Entering directory '/home/gailey_da/catkin_ws_mp/build/ur_gazebo/CMakeFiles/CMakeTmp'
Building C object CMakeFiles/cmTC_ba4ae.dir/CheckSymbolExists.c.o
/usr/bin/cc    -o CMakeFiles/cmTC_ba4ae.dir/CheckSymbolExists.c.o   -c /home/gailey_da/catkin_ws_mp/build/ur_gazebo/CMakeFiles/CMakeTmp/CheckSymbolExists.c
Linking C executable cmTC_ba4ae
/usr/bin/cmake -E cmake_link_script CMakeFiles/cmTC_ba4ae.dir/link.txt --verbose=1
/usr/bin/cc      -rdynamic CMakeFiles/cmTC_ba4ae.dir/CheckSymbolExists.c.o  -o cmTC_ba4ae 
CMakeFiles/cmTC_ba4ae.dir/CheckSymbolExists.c.o: In function `main':
CheckSymbolExists.c:(.text+0x1b): undefined reference to `pthread_create'
collect2: error: ld returned 1 exit status
CMakeFiles/cmTC_ba4ae.dir/build.make:97: recipe for target 'cmTC_ba4ae' failed
make[1]: *** [cmTC_ba4ae] Error 1
make[1]: Leaving directory '/home/gailey_da/catkin_ws_mp/build/ur_gazebo/CMakeFiles/CMakeTmp'
Makefile:126: recipe for target 'cmTC_ba4ae/fast' failed
make: *** [cmTC_ba4ae/fast] Error 2

File /home/gailey_da/catkin_ws_mp/build/ur_gazebo/CMakeFiles/CMakeTmp/CheckSymbolExists.c:
/* */
#include <pthread.h>

int main(int argc, char** argv)
{
  (void)argv;
#ifndef pthread_create
  return ((int*)(&pthread_create))[argc];
#else
  (void)argc;
  return 0;
#endif
}

Determining if the function pthread_create exists in the pthreads failed with the following output:
Change Dir: /home/gailey_da/catkin_ws_mp/build/ur_gazebo/CMakeFiles/CMakeTmp

Run Build Command:"/usr/bin/make" "cmTC_d7118/fast"
/usr/bin/make -f CMakeFiles/cmTC_d7118.dir/build.make CMakeFiles/cmTC_d7118.dir/build
make[1]: Entering directory '/home/gailey_da/catkin_ws_mp/build/ur_gazebo/CMakeFiles/CMakeTmp'
Building C object CMakeFiles/cmTC_d7118.dir/CheckFunctionExists.c.o
/usr/bin/cc   -DCHECK_FUNCTION_EXISTS=pthread_create   -o CMakeFiles/cmTC_d7118.dir/CheckFunctionExists.c.o   -c /usr/share/cmake-3.10/Modules/CheckFunctionExists.c
Linking C executable cmTC_d7118
/usr/bin/cmake -E cmake_link_script CMakeFiles/cmTC_d7118.dir/link.txt --verbose=1
/usr/bin/cc  -DCHECK_FUNCTION_EXISTS=pthread_create    -rdynamic CMakeFiles/cmTC_d7118.dir/CheckFunctionExists.c.o  -o cmTC_d7118 -lpthreads 
/usr/bin/ld: cannot find -lpthreads
collect2: error: ld returned 1 exit status
CMakeFiles/cmTC_d7118.dir/build.make:97: recipe for target 'cmTC_d7118' failed
make[1]: *** [cmTC_d7118] Error 1
make[1]: Leaving directory '/home/gailey_da/catkin_ws_mp/build/ur_gazebo/CMakeFiles/CMakeTmp'
Makefile:126: recipe for target 'cmTC_d7118/fast' failed
make: *** [cmTC_d7118/fast] Error 2


