Determining if the pthread_create exist failed with the following output:
Change Dir: /home/gailey_da/catkin_ws_mp/build/ur10_e_moveit_config/CMakeFiles/CMakeTmp

Run Build Command:"/usr/bin/make" "cmTC_73df4/fast"
/usr/bin/make -f CMakeFiles/cmTC_73df4.dir/build.make CMakeFiles/cmTC_73df4.dir/build
make[1]: Entering directory '/home/gailey_da/catkin_ws_mp/build/ur10_e_moveit_config/CMakeFiles/CMakeTmp'
Building C object CMakeFiles/cmTC_73df4.dir/CheckSymbolExists.c.o
/usr/bin/cc    -o CMakeFiles/cmTC_73df4.dir/CheckSymbolExists.c.o   -c /home/gailey_da/catkin_ws_mp/build/ur10_e_moveit_config/CMakeFiles/CMakeTmp/CheckSymbolExists.c
Linking C executable cmTC_73df4
/usr/bin/cmake -E cmake_link_script CMakeFiles/cmTC_73df4.dir/link.txt --verbose=1
/usr/bin/cc      -rdynamic CMakeFiles/cmTC_73df4.dir/CheckSymbolExists.c.o  -o cmTC_73df4 
CMakeFiles/cmTC_73df4.dir/CheckSymbolExists.c.o: In function `main':
CheckSymbolExists.c:(.text+0x1b): undefined reference to `pthread_create'
collect2: error: ld returned 1 exit status
CMakeFiles/cmTC_73df4.dir/build.make:97: recipe for target 'cmTC_73df4' failed
make[1]: *** [cmTC_73df4] Error 1
make[1]: Leaving directory '/home/gailey_da/catkin_ws_mp/build/ur10_e_moveit_config/CMakeFiles/CMakeTmp'
Makefile:126: recipe for target 'cmTC_73df4/fast' failed
make: *** [cmTC_73df4/fast] Error 2

File /home/gailey_da/catkin_ws_mp/build/ur10_e_moveit_config/CMakeFiles/CMakeTmp/CheckSymbolExists.c:
/* */
#include <pthread.h>

int main(int argc, char** argv)
{
  (void)argv;
#ifndef pthread_create
  return ((int*)(&pthread_create))[argc];
#else
  (void)argc;
  return 0;
#endif
}

Determining if the function pthread_create exists in the pthreads failed with the following output:
Change Dir: /home/gailey_da/catkin_ws_mp/build/ur10_e_moveit_config/CMakeFiles/CMakeTmp

Run Build Command:"/usr/bin/make" "cmTC_800e4/fast"
/usr/bin/make -f CMakeFiles/cmTC_800e4.dir/build.make CMakeFiles/cmTC_800e4.dir/build
make[1]: Entering directory '/home/gailey_da/catkin_ws_mp/build/ur10_e_moveit_config/CMakeFiles/CMakeTmp'
Building C object CMakeFiles/cmTC_800e4.dir/CheckFunctionExists.c.o
/usr/bin/cc   -DCHECK_FUNCTION_EXISTS=pthread_create   -o CMakeFiles/cmTC_800e4.dir/CheckFunctionExists.c.o   -c /usr/share/cmake-3.10/Modules/CheckFunctionExists.c
Linking C executable cmTC_800e4
/usr/bin/cmake -E cmake_link_script CMakeFiles/cmTC_800e4.dir/link.txt --verbose=1
/usr/bin/cc  -DCHECK_FUNCTION_EXISTS=pthread_create    -rdynamic CMakeFiles/cmTC_800e4.dir/CheckFunctionExists.c.o  -o cmTC_800e4 -lpthreads 
/usr/bin/ld: cannot find -lpthreads
collect2: error: ld returned 1 exit status
CMakeFiles/cmTC_800e4.dir/build.make:97: recipe for target 'cmTC_800e4' failed
make[1]: *** [cmTC_800e4] Error 1
make[1]: Leaving directory '/home/gailey_da/catkin_ws_mp/build/ur10_e_moveit_config/CMakeFiles/CMakeTmp'
Makefile:126: recipe for target 'cmTC_800e4/fast' failed
make: *** [cmTC_800e4/fast] Error 2


