Determining if the pthread_create exist failed with the following output:
Change Dir: /home/gailey_da/catkin_ws_mp/build/ur5_moveit_config/CMakeFiles/CMakeTmp

Run Build Command:"/usr/bin/make" "cmTC_053f4/fast"
/usr/bin/make -f CMakeFiles/cmTC_053f4.dir/build.make CMakeFiles/cmTC_053f4.dir/build
make[1]: Entering directory '/home/gailey_da/catkin_ws_mp/build/ur5_moveit_config/CMakeFiles/CMakeTmp'
Building C object CMakeFiles/cmTC_053f4.dir/CheckSymbolExists.c.o
/usr/bin/cc    -o CMakeFiles/cmTC_053f4.dir/CheckSymbolExists.c.o   -c /home/gailey_da/catkin_ws_mp/build/ur5_moveit_config/CMakeFiles/CMakeTmp/CheckSymbolExists.c
Linking C executable cmTC_053f4
/usr/bin/cmake -E cmake_link_script CMakeFiles/cmTC_053f4.dir/link.txt --verbose=1
/usr/bin/cc      -rdynamic CMakeFiles/cmTC_053f4.dir/CheckSymbolExists.c.o  -o cmTC_053f4 
CMakeFiles/cmTC_053f4.dir/CheckSymbolExists.c.o: In function `main':
CheckSymbolExists.c:(.text+0x1b): undefined reference to `pthread_create'
collect2: error: ld returned 1 exit status
CMakeFiles/cmTC_053f4.dir/build.make:97: recipe for target 'cmTC_053f4' failed
make[1]: *** [cmTC_053f4] Error 1
make[1]: Leaving directory '/home/gailey_da/catkin_ws_mp/build/ur5_moveit_config/CMakeFiles/CMakeTmp'
Makefile:126: recipe for target 'cmTC_053f4/fast' failed
make: *** [cmTC_053f4/fast] Error 2

File /home/gailey_da/catkin_ws_mp/build/ur5_moveit_config/CMakeFiles/CMakeTmp/CheckSymbolExists.c:
/* */
#include <pthread.h>

int main(int argc, char** argv)
{
  (void)argv;
#ifndef pthread_create
  return ((int*)(&pthread_create))[argc];
#else
  (void)argc;
  return 0;
#endif
}

Determining if the function pthread_create exists in the pthreads failed with the following output:
Change Dir: /home/gailey_da/catkin_ws_mp/build/ur5_moveit_config/CMakeFiles/CMakeTmp

Run Build Command:"/usr/bin/make" "cmTC_cf676/fast"
/usr/bin/make -f CMakeFiles/cmTC_cf676.dir/build.make CMakeFiles/cmTC_cf676.dir/build
make[1]: Entering directory '/home/gailey_da/catkin_ws_mp/build/ur5_moveit_config/CMakeFiles/CMakeTmp'
Building C object CMakeFiles/cmTC_cf676.dir/CheckFunctionExists.c.o
/usr/bin/cc   -DCHECK_FUNCTION_EXISTS=pthread_create   -o CMakeFiles/cmTC_cf676.dir/CheckFunctionExists.c.o   -c /usr/share/cmake-3.10/Modules/CheckFunctionExists.c
Linking C executable cmTC_cf676
/usr/bin/cmake -E cmake_link_script CMakeFiles/cmTC_cf676.dir/link.txt --verbose=1
/usr/bin/cc  -DCHECK_FUNCTION_EXISTS=pthread_create    -rdynamic CMakeFiles/cmTC_cf676.dir/CheckFunctionExists.c.o  -o cmTC_cf676 -lpthreads 
/usr/bin/ld: cannot find -lpthreads
collect2: error: ld returned 1 exit status
CMakeFiles/cmTC_cf676.dir/build.make:97: recipe for target 'cmTC_cf676' failed
make[1]: *** [cmTC_cf676] Error 1
make[1]: Leaving directory '/home/gailey_da/catkin_ws_mp/build/ur5_moveit_config/CMakeFiles/CMakeTmp'
Makefile:126: recipe for target 'cmTC_cf676/fast' failed
make: *** [cmTC_cf676/fast] Error 2


